.\Proje 6 - NezLojistik\NezLojistikMvc\Properties\launchSettings.json içindeki başlatma ayarları kullanılıyor...
Derleniyor...
C:\Users\adem_\Documents\Softito2026_Backend-ASP.NET_Projects\Proje 6 - NezLojistik\NezLojistikMvc\NezLojistikMvc.csproj : warning NU1903: 'Azure.Identity' 1.7.0 paketinde önem derecesi yüksek olan bilinen bir https://github.com/advisories/GHSA-5mfx-4wcx-rv27 güvenlik açığı var
C:\Users\adem_\Documents\Softito2026_Backend-ASP.NET_Projects\Proje 6 - NezLojistik\NezLojistikMvc\NezLojistikMvc.csproj : warning NU1902: 'Azure.Identity' 1.7.0 paketinde önem derecesi orta olan bilinen bir https://github.com/advisories/GHSA-m5vv-6r4h-3vj9 güvenlik açığı var
C:\Users\adem_\Documents\Softito2026_Backend-ASP.NET_Projects\Proje 6 - NezLojistik\NezLojistikMvc\NezLojistikMvc.csproj : warning NU1902: 'Azure.Identity' 1.7.0 paketinde önem derecesi orta olan bilinen bir https://github.com/advisories/GHSA-wvxc-855f-jvrv güvenlik açığı var
C:\Users\adem_\Documents\Softito2026_Backend-ASP.NET_Projects\Proje 6 - NezLojistik\NezLojistikMvc\NezLojistikMvc.csproj : warning NU1903: 'Microsoft.Data.SqlClient' 5.1.1 paketinde önem derecesi yüksek olan bilinen bir https://github.com/advisories/GHSA-98g6-xh36-x2p7 güvenlik açığı var
C:\Users\adem_\Documents\Softito2026_Backend-ASP.NET_Projects\Proje 6 - NezLojistik\NezLojistikMvc\NezLojistikMvc.csproj : warning NU1903: 'Microsoft.Extensions.Caching.Memory' 8.0.0 paketinde önem derecesi yüksek olan bilinen bir https://github.com/advisories/GHSA-qj66-m88j-hmgj güvenlik açığı var
C:\Users\adem_\Documents\Softito2026_Backend-ASP.NET_Projects\Proje 6 - NezLojistik\NezLojistikMvc\NezLojistikMvc.csproj : warning NU1902: 'Microsoft.IdentityModel.JsonWebTokens' 6.24.0 paketinde önem derecesi orta olan bilinen bir https://github.com/advisories/GHSA-59j7-ghrg-fj52 güvenlik açığı var
C:\Users\adem_\Documents\Softito2026_Backend-ASP.NET_Projects\Proje 6 - NezLojistik\NezLojistikMvc\NezLojistikMvc.csproj : warning NU1903: 'System.Formats.Asn1' 5.0.0 paketinde önem derecesi yüksek olan bilinen bir https://github.com/advisories/GHSA-447r-wph3-92pm güvenlik açığı var
C:\Users\adem_\Documents\Softito2026_Backend-ASP.NET_Projects\Proje 6 - NezLojistik\NezLojistikMvc\NezLojistikMvc.csproj : warning NU1902: 'System.IdentityModel.Tokens.Jwt' 6.24.0 paketinde önem derecesi orta olan bilinen bir https://github.com/advisories/GHSA-59j7-ghrg-fj52 güvenlik açığı var
C:\Users\adem_\Documents\Softito2026_Backend-ASP.NET_Projects\Proje 6 - NezLojistik\NezLojistikMvc\NezLojistikMvc.csproj : warning NU1903: 'System.Text.Json' 8.0.0 paketinde önem derecesi yüksek olan bilinen bir https://github.com/advisories/GHSA-8g4q-xg66-9fp4 güvenlik açığı var
C:\Users\adem_\Documents\Softito2026_Backend-ASP.NET_Projects\Proje 6 - NezLojistik\NezLojistikMvc\NezLojistikMvc.csproj : warning NU1903: 'System.Text.Json' 8.0.0 paketinde önem derecesi yüksek olan bilinen bir https://github.com/advisories/GHSA-hh2w-p6rv-4g7w güvenlik açığı var
C:\Users\adem_\Documents\Softito2026_Backend-ASP.NET_Projects\Proje 6 - NezLojistik\NezLojistikMvc\NezLojistikMvc.csproj : warning NU1903: 'Azure.Identity' 1.7.0 paketinde önem derecesi yüksek olan bilinen bir https://github.com/advisories/GHSA-5mfx-4wcx-rv27 güvenlik açığı var
C:\Users\adem_\Documents\Softito2026_Backend-ASP.NET_Projects\Proje 6 - NezLojistik\NezLojistikMvc\NezLojistikMvc.csproj : warning NU1902: 'Azure.Identity' 1.7.0 paketinde önem derecesi orta olan bilinen bir https://github.com/advisories/GHSA-m5vv-6r4h-3vj9 güvenlik açığı var
C:\Users\adem_\Documents\Softito2026_Backend-ASP.NET_Projects\Proje 6 - NezLojistik\NezLojistikMvc\NezLojistikMvc.csproj : warning NU1902: 'Azure.Identity' 1.7.0 paketinde önem derecesi orta olan bilinen bir https://github.com/advisories/GHSA-wvxc-855f-jvrv güvenlik açığı var
C:\Users\adem_\Documents\Softito2026_Backend-ASP.NET_Projects\Proje 6 - NezLojistik\NezLojistikMvc\NezLojistikMvc.csproj : warning NU1903: 'Microsoft.Data.SqlClient' 5.1.1 paketinde önem derecesi yüksek olan bilinen bir https://github.com/advisories/GHSA-98g6-xh36-x2p7 güvenlik açığı var
C:\Users\adem_\Documents\Softito2026_Backend-ASP.NET_Projects\Proje 6 - NezLojistik\NezLojistikMvc\NezLojistikMvc.csproj : warning NU1903: 'Microsoft.Extensions.Caching.Memory' 8.0.0 paketinde önem derecesi yüksek olan bilinen bir https://github.com/advisories/GHSA-qj66-m88j-hmgj güvenlik açığı var
C:\Users\adem_\Documents\Softito2026_Backend-ASP.NET_Projects\Proje 6 - NezLojistik\NezLojistikMvc\NezLojistikMvc.csproj : warning NU1902: 'Microsoft.IdentityModel.JsonWebTokens' 6.24.0 paketinde önem derecesi orta olan bilinen bir https://github.com/advisories/GHSA-59j7-ghrg-fj52 güvenlik açığı var
C:\Users\adem_\Documents\Softito2026_Backend-ASP.NET_Projects\Proje 6 - NezLojistik\NezLojistikMvc\NezLojistikMvc.csproj : warning NU1903: 'System.Formats.Asn1' 5.0.0 paketinde önem derecesi yüksek olan bilinen bir https://github.com/advisories/GHSA-447r-wph3-92pm güvenlik açığı var
C:\Users\adem_\Documents\Softito2026_Backend-ASP.NET_Projects\Proje 6 - NezLojistik\NezLojistikMvc\NezLojistikMvc.csproj : warning NU1902: 'System.IdentityModel.Tokens.Jwt' 6.24.0 paketinde önem derecesi orta olan bilinen bir https://github.com/advisories/GHSA-59j7-ghrg-fj52 güvenlik açığı var
C:\Users\adem_\Documents\Softito2026_Backend-ASP.NET_Projects\Proje 6 - NezLojistik\NezLojistikMvc\NezLojistikMvc.csproj : warning NU1903: 'System.Text.Json' 8.0.0 paketinde önem derecesi yüksek olan bilinen bir https://github.com/advisories/GHSA-8g4q-xg66-9fp4 güvenlik açığı var
C:\Users\adem_\Documents\Softito2026_Backend-ASP.NET_Projects\Proje 6 - NezLojistik\NezLojistikMvc\NezLojistikMvc.csproj : warning NU1903: 'System.Text.Json' 8.0.0 paketinde önem derecesi yüksek olan bilinen bir https://github.com/advisories/GHSA-hh2w-p6rv-4g7w güvenlik açığı var
]9;4;3;\]9;4;0;\info: Microsoft.Hosting.Lifetime[14]
      Now listening on: http://localhost:5289
info: Microsoft.Hosting.Lifetime[0]
      Application started. Press Ctrl+C to shut down.
info: Microsoft.Hosting.Lifetime[0]
      Hosting environment: Development
info: Microsoft.Hosting.Lifetime[0]
      Content root path: C:\Users\adem_\Documents\Softito2026_Backend-ASP.NET_Projects\Proje 6 - NezLojistik\NezLojistikMvc
warn: Microsoft.AspNetCore.HttpsPolicy.HttpsRedirectionMiddleware[3]
      Failed to determine the https port for redirect.
info: Microsoft.EntityFrameworkCore.Database.Command[20101]
      Executed DbCommand (40ms) [Parameters=[@__model_Email_0='?' (Size = 4000), @__model_Password_1='?' (Size = 4000)], CommandType='Text', CommandTimeout='30']
      SELECT TOP(1) [u].[Id], [u].[Bolge], [u].[Email], [u].[FullName], [u].[Password]
      FROM [Users] AS [u]
      WHERE [u].[Email] = @__model_Email_0 AND [u].[Password] = @__model_Password_1
info: Microsoft.EntityFrameworkCore.Database.Command[20101]
      Executed DbCommand (4ms) [Parameters=[@__model_Email_0='?' (Size = 4000), @__model_Password_1='?' (Size = 4000)], CommandType='Text', CommandTimeout='30']
      SELECT TOP(1) [a].[Id], [a].[Email], [a].[FullName], [a].[Password]
      FROM [Admins] AS [a]
      WHERE [a].[Email] = @__model_Email_0 AND [a].[Password] = @__model_Password_1
info: System.Net.Http.HttpClient.NezApi.LogicalHandler[100]
      Start processing HTTP request GET http://localhost:5046/api/Depots/GetDepots
info: System.Net.Http.HttpClient.NezApi.ClientHandler[100]
      Sending HTTP request GET http://localhost:5046/api/Depots/GetDepots
info: System.Net.Http.HttpClient.NezApi.ClientHandler[101]
      Received HTTP response headers after 1263.0745ms - 200
info: System.Net.Http.HttpClient.NezApi.LogicalHandler[101]
      End processing HTTP request after 1279.4139ms - 200
info: System.Net.Http.HttpClient.NezApi.LogicalHandler[100]
      Start processing HTTP request GET http://localhost:5046/api/Drivers/GetDrivers
info: System.Net.Http.HttpClient.NezApi.ClientHandler[100]
      Sending HTTP request GET http://localhost:5046/api/Drivers/GetDrivers
info: System.Net.Http.HttpClient.NezApi.ClientHandler[101]
      Received HTTP response headers after 49.315ms - 200
info: System.Net.Http.HttpClient.NezApi.LogicalHandler[101]
      End processing HTTP request after 49.5798ms - 200
info: System.Net.Http.HttpClient.NezApi.LogicalHandler[100]
      Start processing HTTP request GET http://localhost:5046/api/Vehicles/GetVehicles
info: System.Net.Http.HttpClient.NezApi.ClientHandler[100]
      Sending HTTP request GET http://localhost:5046/api/Vehicles/GetVehicles
info: System.Net.Http.HttpClient.NezApi.ClientHandler[101]
      Received HTTP response headers after 66.2452ms - 200
info: System.Net.Http.HttpClient.NezApi.LogicalHandler[101]
      End processing HTTP request after 66.3823ms - 200
